app/build/intermediates/manifest_merge_blame_file/debug/manifest-merger-blame-debug-report.txt
1<?xml version="1.0" encoding="utf-8"?>
2<manifest xmlns:android="http://schemas.android.com/apk/res/android"
3    package="com.bigtwo.game"
4    android:versionCode="1"
5    android:versionName="1.0" >
6
7    <uses-sdk
8        android:minSdkVersion="21"
8-->src/main/AndroidManifest.xml
9        android:targetSdkVersion="33" />
9-->src/main/AndroidManifest.xml
10
11    <!-- 蓝牙权限 -->
12    <uses-permission android:name="android.permission.BLUETOOTH" />
12-->src/main/AndroidManifest.xml:5:5-68
12-->src/main/AndroidManifest.xml:5:22-65
13    <uses-permission android:name="android.permission.BLUETOOTH_ADMIN" />
13-->src/main/AndroidManifest.xml:6:5-74
13-->src/main/AndroidManifest.xml:6:22-71
14    <uses-permission android:name="android.permission.ACCESS_FINE_LOCATION" />
14-->src/main/AndroidManifest.xml:7:5-79
14-->src/main/AndroidManifest.xml:7:22-76
15    <!-- Android 12+ 蓝牙权限 -->
16    <uses-permission
16-->src/main/AndroidManifest.xml:9:5-120
17        android:name="android.permission.BLUETOOTH_SCAN"
17-->src/main/AndroidManifest.xml:9:22-70
18        android:usesPermissionFlags="neverForLocation" />
18-->src/main/AndroidManifest.xml:9:71-117
19    <uses-permission android:name="android.permission.BLUETOOTH_CONNECT" />
19-->src/main/AndroidManifest.xml:10:5-76
19-->src/main/AndroidManifest.xml:10:22-73
20
21    <permission
21-->[androidx.core:core:1.9.0] AndroidManifest.xml:22:5-24:47
22        android:name="com.bigtwo.game.DYNAMIC_RECEIVER_NOT_EXPORTED_PERMISSION"
22-->[androidx.core:core:1.9.0] AndroidManifest.xml:23:9-81
23        android:protectionLevel="signature" />
23-->[androidx.core:core:1.9.0] AndroidManifest.xml:24:9-44
24
25    <uses-permission android:name="com.bigtwo.game.DYNAMIC_RECEIVER_NOT_EXPORTED_PERMISSION" />
25-->[androidx.core:core:1.9.0] AndroidManifest.xml:26:5-97
25-->[androidx.core:core:1.9.0] AndroidManifest.xml:26:22-94
26
27    <application
27-->src/main/AndroidManifest.xml:12:5-57:19
28        android:allowBackup="true"
28-->src/main/AndroidManifest.xml:13:9-35
29        android:appComponentFactory="androidx.core.app.CoreComponentFactory"
29-->[androidx.core:core:1.9.0] AndroidManifest.xml:28:18-86
30        android:debuggable="true"
31        android:icon="@drawable/ic_launcher"
31-->src/main/AndroidManifest.xml:14:9-45
32        android:label="锄大地"
32-->src/main/AndroidManifest.xml:15:9-28
33        android:roundIcon="@drawable/ic_launcher"
33-->src/main/AndroidManifest.xml:16:9-50
34        android:supportsRtl="true"
34-->src/main/AndroidManifest.xml:17:9-35
35        android:theme="@style/AppTheme" >
35-->src/main/AndroidManifest.xml:18:9-40
36
37        <!-- 主活动 -->
38        <activity
38-->src/main/AndroidManifest.xml:21:9-28:20
39            android:name="view.MainActivity"
39-->src/main/AndroidManifest.xml:22:13-45
40            android:exported="true" >
40-->src/main/AndroidManifest.xml:23:13-36
41            <intent-filter>
41-->src/main/AndroidManifest.xml:24:13-27:29
42                <action android:name="android.intent.action.MAIN" />
42-->src/main/AndroidManifest.xml:25:17-69
42-->src/main/AndroidManifest.xml:25:25-66
43
44                <category android:name="android.intent.category.LAUNCHER" />
44-->src/main/AndroidManifest.xml:26:17-77
44-->src/main/AndroidManifest.xml:26:27-74
45            </intent-filter>
46        </activity>
47
48        <!-- 游戏设置活动 -->
49        <activity
49-->src/main/AndroidManifest.xml:31:9-33:40
50            android:name="view.GameSetupActivity"
50-->src/main/AndroidManifest.xml:32:13-50
51            android:exported="false" />
51-->src/main/AndroidManifest.xml:33:13-37
52
53        <!-- 蓝牙设置活动 -->
54        <activity
54-->src/main/AndroidManifest.xml:36:9-38:40
55            android:name="view.BluetoothSetupActivity"
55-->src/main/AndroidManifest.xml:37:13-55
56            android:exported="false" />
56-->src/main/AndroidManifest.xml:38:13-37
57
58        <!-- 游戏规则活动 -->
59        <activity
59-->src/main/AndroidManifest.xml:41:9-43:40
60            android:name="view.RulesActivity"
60-->src/main/AndroidManifest.xml:42:13-46
61            android:exported="false" />
61-->src/main/AndroidManifest.xml:43:13-37
62
63        <!-- 设置活动 -->
64        <activity
64-->src/main/AndroidManifest.xml:46:9-48:40
65            android:name="view.SettingsActivity"
65-->src/main/AndroidManifest.xml:47:13-49
66            android:exported="false" />
66-->src/main/AndroidManifest.xml:48:13-37
67
68        <!-- 游戏活动 -->
69        <activity
69-->src/main/AndroidManifest.xml:51:9-55:40
70            android:name="view.GameActivity"
70-->src/main/AndroidManifest.xml:52:13-45
71            android:configChanges="orientation|keyboardHidden|screenSize"
71-->src/main/AndroidManifest.xml:54:13-74
72            android:exported="false"
72-->src/main/AndroidManifest.xml:55:13-37
73            android:screenOrientation="landscape" />
73-->src/main/AndroidManifest.xml:53:13-50
74
75        <provider
75-->[androidx.emoji2:emoji2:1.2.0] AndroidManifest.xml:24:9-32:20
76            android:name="androidx.startup.InitializationProvider"
76-->[androidx.emoji2:emoji2:1.2.0] AndroidManifest.xml:25:13-67
77            android:authorities="com.bigtwo.game.androidx-startup"
77-->[androidx.emoji2:emoji2:1.2.0] AndroidManifest.xml:26:13-68
78            android:exported="false" >
78-->[androidx.emoji2:emoji2:1.2.0] AndroidManifest.xml:27:13-37
79            <meta-data
79-->[androidx.emoji2:emoji2:1.2.0] AndroidManifest.xml:29:13-31:52
80                android:name="androidx.emoji2.text.EmojiCompatInitializer"
80-->[androidx.emoji2:emoji2:1.2.0] AndroidManifest.xml:30:17-75
81                android:value="androidx.startup" />
81-->[androidx.emoji2:emoji2:1.2.0] AndroidManifest.xml:31:17-49
82            <meta-data
82-->[androidx.lifecycle:lifecycle-process:2.4.1] AndroidManifest.xml:31:13-33:52
83                android:name="androidx.lifecycle.ProcessLifecycleInitializer"
83-->[androidx.lifecycle:lifecycle-process:2.4.1] AndroidManifest.xml:32:17-78
84                android:value="androidx.startup" />
84-->[androidx.lifecycle:lifecycle-process:2.4.1] AndroidManifest.xml:33:17-49
85        </provider>
86    </application>
87
88</manifest>